	Command being timed: "/nobackup/pjjg18/revbayes/projects/cmake/build/rb mc3time.Rev"
	User time (seconds): 17895.50
	System time (seconds): 0.41
	Percent of CPU this job got: 99%
	Elapsed (wall clock) time (h:mm:ss or m:ss): 5:00:15
	Average shared text size (kbytes): 0
	Average unshared data size (kbytes): 0
	Average stack size (kbytes): 0
	Average total size (kbytes): 0
	Maximum resident set size (kbytes): 841304
	Average resident set size (kbytes): 0
	Major (requiring I/O) page faults: 1416
	Minor (reclaiming a frame) page faults: 194113
	Voluntary context switches: 6319
	Involuntary context switches: 41952
	Swaps: 0
	File system inputs: 108352
	File system outputs: 17448
	Socket messages sent: 0
	Socket messages received: 0
	Signals delivered: 0
	Page size (bytes): 4096
	Exit status: 0
